<?xml version="1.0" encoding="UTF-8"?>
<testsuite xmlns:xsi="http://www.w3.org/2001/XMLSchema-instance" xsi:noNamespaceSchemaLocation="https://maven.apache.org/surefire/maven-surefire-plugin/xsd/surefire-test-report.xsd" name="mflix.api.daos.UpdateCreateCommentTest" time="1.267" tests="5" errors="0" skipped="0" failures="3">
  <properties>
    <property name="sun.desktop" value="windows"/>
    <property name="awt.toolkit" value="sun.awt.windows.WToolkit"/>
    <property name="java.specification.version" value="11"/>
    <property name="sun.cpu.isalist" value="amd64"/>
    <property name="sun.jnu.encoding" value="Cp1252"/>
    <property name="java.class.path" value="C:\Users\ux430u\Documents\GitHub\mflix\target\test-classes;C:\Users\ux430u\Documents\GitHub\mflix\target\classes;C:\Users\ux430u\.m2\repository\org\springframework\boot\spring-boot-starter-web\2.0.3.RELEASE\spring-boot-starter-web-2.0.3.RELEASE.jar;C:\Users\ux430u\.m2\repository\org\springframework\boot\spring-boot-starter\2.0.3.RELEASE\spring-boot-starter-2.0.3.RELEASE.jar;C:\Users\ux430u\.m2\repository\org\springframework\boot\spring-boot-starter-logging\2.0.3.RELEASE\spring-boot-starter-logging-2.0.3.RELEASE.jar;C:\Users\ux430u\.m2\repository\ch\qos\logback\logback-classic\1.2.3\logback-classic-1.2.3.jar;C:\Users\ux430u\.m2\repository\ch\qos\logback\logback-core\1.2.3\logback-core-1.2.3.jar;C:\Users\ux430u\.m2\repository\org\apache\logging\log4j\log4j-to-slf4j\2.10.0\log4j-to-slf4j-2.10.0.jar;C:\Users\ux430u\.m2\repository\org\apache\logging\log4j\log4j-api\2.10.0\log4j-api-2.10.0.jar;C:\Users\ux430u\.m2\repository\org\slf4j\jul-to-slf4j\1.7.25\jul-to-slf4j-1.7.25.jar;C:\Users\ux430u\.m2\repository\javax\annotation\javax.annotation-api\1.3.2\javax.annotation-api-1.3.2.jar;C:\Users\ux430u\.m2\repository\org\yaml\snakeyaml\1.19\snakeyaml-1.19.jar;C:\Users\ux430u\.m2\repository\org\springframework\boot\spring-boot-starter-json\2.0.3.RELEASE\spring-boot-starter-json-2.0.3.RELEASE.jar;C:\Users\ux430u\.m2\repository\com\fasterxml\jackson\datatype\jackson-datatype-jdk8\2.9.6\jackson-datatype-jdk8-2.9.6.jar;C:\Users\ux430u\.m2\repository\com\fasterxml\jackson\datatype\jackson-datatype-jsr310\2.9.6\jackson-datatype-jsr310-2.9.6.jar;C:\Users\ux430u\.m2\repository\com\fasterxml\jackson\module\jackson-module-parameter-names\2.9.6\jackson-module-parameter-names-2.9.6.jar;C:\Users\ux430u\.m2\repository\org\springframework\boot\spring-boot-starter-tomcat\2.0.3.RELEASE\spring-boot-starter-tomcat-2.0.3.RELEASE.jar;C:\Users\ux430u\.m2\repository\org\apache\tomcat\embed\tomcat-embed-core\8.5.31\tomcat-embed-core-8.5.31.jar;C:\Users\ux430u\.m2\repository\org\apache\tomcat\embed\tomcat-embed-el\8.5.31\tomcat-embed-el-8.5.31.jar;C:\Users\ux430u\.m2\repository\org\apache\tomcat\embed\tomcat-embed-websocket\8.5.31\tomcat-embed-websocket-8.5.31.jar;C:\Users\ux430u\.m2\repository\org\hibernate\validator\hibernate-validator\6.0.10.Final\hibernate-validator-6.0.10.Final.jar;C:\Users\ux430u\.m2\repository\javax\validation\validation-api\2.0.1.Final\validation-api-2.0.1.Final.jar;C:\Users\ux430u\.m2\repository\org\jboss\logging\jboss-logging\3.3.2.Final\jboss-logging-3.3.2.Final.jar;C:\Users\ux430u\.m2\repository\com\fasterxml\classmate\1.3.4\classmate-1.3.4.jar;C:\Users\ux430u\.m2\repository\org\springframework\spring-webmvc\5.0.7.RELEASE\spring-webmvc-5.0.7.RELEASE.jar;C:\Users\ux430u\.m2\repository\org\springframework\boot\spring-boot-starter-test\2.0.3.RELEASE\spring-boot-starter-test-2.0.3.RELEASE.jar;C:\Users\ux430u\.m2\repository\org\springframework\boot\spring-boot-test\2.0.3.RELEASE\spring-boot-test-2.0.3.RELEASE.jar;C:\Users\ux430u\.m2\repository\org\springframework\boot\spring-boot-test-autoconfigure\2.0.3.RELEASE\spring-boot-test-autoconfigure-2.0.3.RELEASE.jar;C:\Users\ux430u\.m2\repository\com\jayway\jsonpath\json-path\2.4.0\json-path-2.4.0.jar;C:\Users\ux430u\.m2\repository\net\minidev\json-smart\2.3\json-smart-2.3.jar;C:\Users\ux430u\.m2\repository\net\minidev\accessors-smart\1.2\accessors-smart-1.2.jar;C:\Users\ux430u\.m2\repository\org\ow2\asm\asm\5.0.4\asm-5.0.4.jar;C:\Users\ux430u\.m2\repository\org\slf4j\slf4j-api\1.7.25\slf4j-api-1.7.25.jar;C:\Users\ux430u\.m2\repository\junit\junit\4.12\junit-4.12.jar;C:\Users\ux430u\.m2\repository\org\assertj\assertj-core\3.9.1\assertj-core-3.9.1.jar;C:\Users\ux430u\.m2\repository\org\mockito\mockito-core\2.15.0\mockito-core-2.15.0.jar;C:\Users\ux430u\.m2\repository\net\bytebuddy\byte-buddy\1.7.9\byte-buddy-1.7.9.jar;C:\Users\ux430u\.m2\repository\net\bytebuddy\byte-buddy-agent\1.7.9\byte-buddy-agent-1.7.9.jar;C:\Users\ux430u\.m2\repository\org\objenesis\objenesis\2.6\objenesis-2.6.jar;C:\Users\ux430u\.m2\repository\org\hamcrest\hamcrest-core\1.3\hamcrest-core-1.3.jar;C:\Users\ux430u\.m2\repository\org\hamcrest\hamcrest-library\1.3\hamcrest-library-1.3.jar;C:\Users\ux430u\.m2\repository\org\skyscreamer\jsonassert\1.5.0\jsonassert-1.5.0.jar;C:\Users\ux430u\.m2\repository\com\vaadin\external\google\android-json\0.0.20131108.vaadin1\android-json-0.0.20131108.vaadin1.jar;C:\Users\ux430u\.m2\repository\org\springframework\spring-test\5.0.7.RELEASE\spring-test-5.0.7.RELEASE.jar;C:\Users\ux430u\.m2\repository\org\xmlunit\xmlunit-core\2.5.1\xmlunit-core-2.5.1.jar;C:\Users\ux430u\.m2\repository\org\springframework\boot\spring-boot-starter-security\2.0.4.RELEASE\spring-boot-starter-security-2.0.4.RELEASE.jar;C:\Users\ux430u\.m2\repository\org\springframework\spring-aop\5.0.8.RELEASE\spring-aop-5.0.8.RELEASE.jar;C:\Users\ux430u\.m2\repository\org\springframework\security\spring-security-config\5.0.7.RELEASE\spring-security-config-5.0.7.RELEASE.jar;C:\Users\ux430u\.m2\repository\org\springframework\security\spring-security-core\5.0.7.RELEASE\spring-security-core-5.0.7.RELEASE.jar;C:\Users\ux430u\.m2\repository\org\springframework\security\spring-security-web\5.0.7.RELEASE\spring-security-web-5.0.7.RELEASE.jar;C:\Users\ux430u\.m2\repository\org\springframework\boot\spring-boot\2.0.4.RELEASE\spring-boot-2.0.4.RELEASE.jar;C:\Users\ux430u\.m2\repository\org\springframework\spring-context\5.0.7.RELEASE\spring-context-5.0.7.RELEASE.jar;C:\Users\ux430u\.m2\repository\org\springframework\spring-beans\5.0.7.RELEASE\spring-beans-5.0.7.RELEASE.jar;C:\Users\ux430u\.m2\repository\org\springframework\spring-expression\5.0.7.RELEASE\spring-expression-5.0.7.RELEASE.jar;C:\Users\ux430u\.m2\repository\org\springframework\spring-core\5.0.7.RELEASE\spring-core-5.0.7.RELEASE.jar;C:\Users\ux430u\.m2\repository\org\springframework\spring-jcl\5.0.7.RELEASE\spring-jcl-5.0.7.RELEASE.jar;C:\Users\ux430u\.m2\repository\org\springframework\boot\spring-boot-autoconfigure\2.0.3.RELEASE\spring-boot-autoconfigure-2.0.3.RELEASE.jar;C:\Users\ux430u\.m2\repository\org\springframework\spring-web\5.0.7.RELEASE\spring-web-5.0.7.RELEASE.jar;C:\Users\ux430u\.m2\repository\io\jsonwebtoken\jjwt\0.9.1\jjwt-0.9.1.jar;C:\Users\ux430u\.m2\repository\com\fasterxml\jackson\core\jackson-databind\2.9.6\jackson-databind-2.9.6.jar;C:\Users\ux430u\.m2\repository\com\fasterxml\jackson\core\jackson-annotations\2.9.0\jackson-annotations-2.9.0.jar;C:\Users\ux430u\.m2\repository\com\fasterxml\jackson\core\jackson-core\2.9.6\jackson-core-2.9.6.jar;C:\Users\ux430u\.m2\repository\org\junit\jupiter\junit-jupiter-api\5.1.0\junit-jupiter-api-5.1.0.jar;C:\Users\ux430u\.m2\repository\org\apiguardian\apiguardian-api\1.0.0\apiguardian-api-1.0.0.jar;C:\Users\ux430u\.m2\repository\org\opentest4j\opentest4j\1.0.0\opentest4j-1.0.0.jar;C:\Users\ux430u\.m2\repository\org\junit\platform\junit-platform-commons\1.1.0\junit-platform-commons-1.1.0.jar;C:\Users\ux430u\.m2\repository\org\mongodb\mongodb-driver-sync\3.9.1\mongodb-driver-sync-3.9.1.jar;C:\Users\ux430u\.m2\repository\org\mongodb\bson\3.9.1\bson-3.9.1.jar;C:\Users\ux430u\.m2\repository\org\mongodb\mongodb-driver-core\3.9.1\mongodb-driver-core-3.9.1.jar;C:\Users\ux430u\.m2\repository\javax\xml\bind\jaxb-api\2.3.1\jaxb-api-2.3.1.jar;C:\Users\ux430u\.m2\repository\javax\activation\javax.activation-api\1.2.0\javax.activation-api-1.2.0.jar;"/>
    <property name="java.vm.vendor" value="Oracle Corporation"/>
    <property name="sun.arch.data.model" value="64"/>
    <property name="user.variant" value=""/>
    <property name="java.vendor.url" value="https://openjdk.java.net/"/>
    <property name="user.timezone" value="Africa/Casablanca"/>
    <property name="java.vm.specification.version" value="11"/>
    <property name="os.name" value="Windows 10"/>
    <property name="sun.java.launcher" value="SUN_STANDARD"/>
    <property name="user.country" value="FR"/>
    <property name="sun.boot.library.path" value="C:\Program Files\Java\jdk-11.0.8\bin"/>
    <property name="sun.java.command" value="C:\Users\ux430u\AppData\Local\Temp\surefire11924360610820249947\surefirebooter1992801005235100309.jar C:\Users\ux430u\AppData\Local\Temp\surefire11924360610820249947 2021-05-06T14-00-29_791-jvmRun1 surefire11177516672208130087tmp surefire_06182474359943778152tmp"/>
    <property name="jdk.debug" value="release"/>
    <property name="surefire.test.class.path" value="C:\Users\ux430u\Documents\GitHub\mflix\target\test-classes;C:\Users\ux430u\Documents\GitHub\mflix\target\classes;C:\Users\ux430u\.m2\repository\org\springframework\boot\spring-boot-starter-web\2.0.3.RELEASE\spring-boot-starter-web-2.0.3.RELEASE.jar;C:\Users\ux430u\.m2\repository\org\springframework\boot\spring-boot-starter\2.0.3.RELEASE\spring-boot-starter-2.0.3.RELEASE.jar;C:\Users\ux430u\.m2\repository\org\springframework\boot\spring-boot-starter-logging\2.0.3.RELEASE\spring-boot-starter-logging-2.0.3.RELEASE.jar;C:\Users\ux430u\.m2\repository\ch\qos\logback\logback-classic\1.2.3\logback-classic-1.2.3.jar;C:\Users\ux430u\.m2\repository\ch\qos\logback\logback-core\1.2.3\logback-core-1.2.3.jar;C:\Users\ux430u\.m2\repository\org\apache\logging\log4j\log4j-to-slf4j\2.10.0\log4j-to-slf4j-2.10.0.jar;C:\Users\ux430u\.m2\repository\org\apache\logging\log4j\log4j-api\2.10.0\log4j-api-2.10.0.jar;C:\Users\ux430u\.m2\repository\org\slf4j\jul-to-slf4j\1.7.25\jul-to-slf4j-1.7.25.jar;C:\Users\ux430u\.m2\repository\javax\annotation\javax.annotation-api\1.3.2\javax.annotation-api-1.3.2.jar;C:\Users\ux430u\.m2\repository\org\yaml\snakeyaml\1.19\snakeyaml-1.19.jar;C:\Users\ux430u\.m2\repository\org\springframework\boot\spring-boot-starter-json\2.0.3.RELEASE\spring-boot-starter-json-2.0.3.RELEASE.jar;C:\Users\ux430u\.m2\repository\com\fasterxml\jackson\datatype\jackson-datatype-jdk8\2.9.6\jackson-datatype-jdk8-2.9.6.jar;C:\Users\ux430u\.m2\repository\com\fasterxml\jackson\datatype\jackson-datatype-jsr310\2.9.6\jackson-datatype-jsr310-2.9.6.jar;C:\Users\ux430u\.m2\repository\com\fasterxml\jackson\module\jackson-module-parameter-names\2.9.6\jackson-module-parameter-names-2.9.6.jar;C:\Users\ux430u\.m2\repository\org\springframework\boot\spring-boot-starter-tomcat\2.0.3.RELEASE\spring-boot-starter-tomcat-2.0.3.RELEASE.jar;C:\Users\ux430u\.m2\repository\org\apache\tomcat\embed\tomcat-embed-core\8.5.31\tomcat-embed-core-8.5.31.jar;C:\Users\ux430u\.m2\repository\org\apache\tomcat\embed\tomcat-embed-el\8.5.31\tomcat-embed-el-8.5.31.jar;C:\Users\ux430u\.m2\repository\org\apache\tomcat\embed\tomcat-embed-websocket\8.5.31\tomcat-embed-websocket-8.5.31.jar;C:\Users\ux430u\.m2\repository\org\hibernate\validator\hibernate-validator\6.0.10.Final\hibernate-validator-6.0.10.Final.jar;C:\Users\ux430u\.m2\repository\javax\validation\validation-api\2.0.1.Final\validation-api-2.0.1.Final.jar;C:\Users\ux430u\.m2\repository\org\jboss\logging\jboss-logging\3.3.2.Final\jboss-logging-3.3.2.Final.jar;C:\Users\ux430u\.m2\repository\com\fasterxml\classmate\1.3.4\classmate-1.3.4.jar;C:\Users\ux430u\.m2\repository\org\springframework\spring-webmvc\5.0.7.RELEASE\spring-webmvc-5.0.7.RELEASE.jar;C:\Users\ux430u\.m2\repository\org\springframework\boot\spring-boot-starter-test\2.0.3.RELEASE\spring-boot-starter-test-2.0.3.RELEASE.jar;C:\Users\ux430u\.m2\repository\org\springframework\boot\spring-boot-test\2.0.3.RELEASE\spring-boot-test-2.0.3.RELEASE.jar;C:\Users\ux430u\.m2\repository\org\springframework\boot\spring-boot-test-autoconfigure\2.0.3.RELEASE\spring-boot-test-autoconfigure-2.0.3.RELEASE.jar;C:\Users\ux430u\.m2\repository\com\jayway\jsonpath\json-path\2.4.0\json-path-2.4.0.jar;C:\Users\ux430u\.m2\repository\net\minidev\json-smart\2.3\json-smart-2.3.jar;C:\Users\ux430u\.m2\repository\net\minidev\accessors-smart\1.2\accessors-smart-1.2.jar;C:\Users\ux430u\.m2\repository\org\ow2\asm\asm\5.0.4\asm-5.0.4.jar;C:\Users\ux430u\.m2\repository\org\slf4j\slf4j-api\1.7.25\slf4j-api-1.7.25.jar;C:\Users\ux430u\.m2\repository\junit\junit\4.12\junit-4.12.jar;C:\Users\ux430u\.m2\repository\org\assertj\assertj-core\3.9.1\assertj-core-3.9.1.jar;C:\Users\ux430u\.m2\repository\org\mockito\mockito-core\2.15.0\mockito-core-2.15.0.jar;C:\Users\ux430u\.m2\repository\net\bytebuddy\byte-buddy\1.7.9\byte-buddy-1.7.9.jar;C:\Users\ux430u\.m2\repository\net\bytebuddy\byte-buddy-agent\1.7.9\byte-buddy-agent-1.7.9.jar;C:\Users\ux430u\.m2\repository\org\objenesis\objenesis\2.6\objenesis-2.6.jar;C:\Users\ux430u\.m2\repository\org\hamcrest\hamcrest-core\1.3\hamcrest-core-1.3.jar;C:\Users\ux430u\.m2\repository\org\hamcrest\hamcrest-library\1.3\hamcrest-library-1.3.jar;C:\Users\ux430u\.m2\repository\org\skyscreamer\jsonassert\1.5.0\jsonassert-1.5.0.jar;C:\Users\ux430u\.m2\repository\com\vaadin\external\google\android-json\0.0.20131108.vaadin1\android-json-0.0.20131108.vaadin1.jar;C:\Users\ux430u\.m2\repository\org\springframework\spring-test\5.0.7.RELEASE\spring-test-5.0.7.RELEASE.jar;C:\Users\ux430u\.m2\repository\org\xmlunit\xmlunit-core\2.5.1\xmlunit-core-2.5.1.jar;C:\Users\ux430u\.m2\repository\org\springframework\boot\spring-boot-starter-security\2.0.4.RELEASE\spring-boot-starter-security-2.0.4.RELEASE.jar;C:\Users\ux430u\.m2\repository\org\springframework\spring-aop\5.0.8.RELEASE\spring-aop-5.0.8.RELEASE.jar;C:\Users\ux430u\.m2\repository\org\springframework\security\spring-security-config\5.0.7.RELEASE\spring-security-config-5.0.7.RELEASE.jar;C:\Users\ux430u\.m2\repository\org\springframework\security\spring-security-core\5.0.7.RELEASE\spring-security-core-5.0.7.RELEASE.jar;C:\Users\ux430u\.m2\repository\org\springframework\security\spring-security-web\5.0.7.RELEASE\spring-security-web-5.0.7.RELEASE.jar;C:\Users\ux430u\.m2\repository\org\springframework\boot\spring-boot\2.0.4.RELEASE\spring-boot-2.0.4.RELEASE.jar;C:\Users\ux430u\.m2\repository\org\springframework\spring-context\5.0.7.RELEASE\spring-context-5.0.7.RELEASE.jar;C:\Users\ux430u\.m2\repository\org\springframework\spring-beans\5.0.7.RELEASE\spring-beans-5.0.7.RELEASE.jar;C:\Users\ux430u\.m2\repository\org\springframework\spring-expression\5.0.7.RELEASE\spring-expression-5.0.7.RELEASE.jar;C:\Users\ux430u\.m2\repository\org\springframework\spring-core\5.0.7.RELEASE\spring-core-5.0.7.RELEASE.jar;C:\Users\ux430u\.m2\repository\org\springframework\spring-jcl\5.0.7.RELEASE\spring-jcl-5.0.7.RELEASE.jar;C:\Users\ux430u\.m2\repository\org\springframework\boot\spring-boot-autoconfigure\2.0.3.RELEASE\spring-boot-autoconfigure-2.0.3.RELEASE.jar;C:\Users\ux430u\.m2\repository\org\springframework\spring-web\5.0.7.RELEASE\spring-web-5.0.7.RELEASE.jar;C:\Users\ux430u\.m2\repository\io\jsonwebtoken\jjwt\0.9.1\jjwt-0.9.1.jar;C:\Users\ux430u\.m2\repository\com\fasterxml\jackson\core\jackson-databind\2.9.6\jackson-databind-2.9.6.jar;C:\Users\ux430u\.m2\repository\com\fasterxml\jackson\core\jackson-annotations\2.9.0\jackson-annotations-2.9.0.jar;C:\Users\ux430u\.m2\repository\com\fasterxml\jackson\core\jackson-core\2.9.6\jackson-core-2.9.6.jar;C:\Users\ux430u\.m2\repository\org\junit\jupiter\junit-jupiter-api\5.1.0\junit-jupiter-api-5.1.0.jar;C:\Users\ux430u\.m2\repository\org\apiguardian\apiguardian-api\1.0.0\apiguardian-api-1.0.0.jar;C:\Users\ux430u\.m2\repository\org\opentest4j\opentest4j\1.0.0\opentest4j-1.0.0.jar;C:\Users\ux430u\.m2\repository\org\junit\platform\junit-platform-commons\1.1.0\junit-platform-commons-1.1.0.jar;C:\Users\ux430u\.m2\repository\org\mongodb\mongodb-driver-sync\3.9.1\mongodb-driver-sync-3.9.1.jar;C:\Users\ux430u\.m2\repository\org\mongodb\bson\3.9.1\bson-3.9.1.jar;C:\Users\ux430u\.m2\repository\org\mongodb\mongodb-driver-core\3.9.1\mongodb-driver-core-3.9.1.jar;C:\Users\ux430u\.m2\repository\javax\xml\bind\jaxb-api\2.3.1\jaxb-api-2.3.1.jar;C:\Users\ux430u\.m2\repository\javax\activation\javax.activation-api\1.2.0\javax.activation-api-1.2.0.jar;"/>
    <property name="sun.cpu.endian" value="little"/>
    <property name="user.home" value="C:\Users\ux430u"/>
    <property name="user.language" value="fr"/>
    <property name="java.specification.vendor" value="Oracle Corporation"/>
    <property name="java.version.date" value="2020-07-14"/>
    <property name="java.home" value="C:\Program Files\Java\jdk-11.0.8"/>
    <property name="file.separator" value="\"/>
    <property name="basedir" value="C:\Users\ux430u\Documents\GitHub\mflix"/>
    <property name="java.vm.compressedOopsMode" value="Zero based"/>
    <property name="line.separator" value="&#10;"/>
    <property name="java.specification.name" value="Java Platform API Specification"/>
    <property name="java.vm.specification.vendor" value="Oracle Corporation"/>
    <property name="java.awt.graphicsenv" value="sun.awt.Win32GraphicsEnvironment"/>
    <property name="surefire.real.class.path" value="C:\Users\ux430u\AppData\Local\Temp\surefire11924360610820249947\surefirebooter1992801005235100309.jar"/>
    <property name="user.script" value=""/>
    <property name="sun.management.compiler" value="HotSpot 64-Bit Tiered Compilers"/>
    <property name="java.runtime.version" value="11.0.8+10-LTS"/>
    <property name="user.name" value="ux430u"/>
    <property name="path.separator" value=";"/>
    <property name="os.version" value="10.0"/>
    <property name="java.runtime.name" value="Java(TM) SE Runtime Environment"/>
    <property name="file.encoding" value="Cp1252"/>
    <property name="java.vm.name" value="Java HotSpot(TM) 64-Bit Server VM"/>
    <property name="java.vendor.version" value="18.9"/>
    <property name="localRepository" value="C:\Users\ux430u\.m2\repository"/>
    <property name="java.vendor.url.bug" value="https://bugreport.java.com/bugreport/"/>
    <property name="java.io.tmpdir" value="C:\Users\ux430u\AppData\Local\Temp\"/>
    <property name="idea.version" value="2020.2.1"/>
    <property name="java.version" value="11.0.8"/>
    <property name="user.dir" value="C:\Users\ux430u\Documents\GitHub\mflix"/>
    <property name="os.arch" value="amd64"/>
    <property name="java.vm.specification.name" value="Java Virtual Machine Specification"/>
    <property name="java.awt.printerjob" value="sun.awt.windows.WPrinterJob"/>
    <property name="sun.os.patch.level" value=""/>
    <property name="java.library.path" value="C:\Program Files\Java\jdk-11.0.8\bin;C:\WINDOWS\Sun\Java\bin;C:\WINDOWS\system32;C:\WINDOWS;C:\Program Files\Common Files\Oracle\Java\javapath;C:\Python27\;C:\Python27\Scripts;C:\Program Files (x86)\Common Files\Oracle\Java\javapath;C:\WINDOWS\system32;C:\WINDOWS;C:\WINDOWS\System32\Wbem;C:\WINDOWS\System32\WindowsPowerShell\v1.0\;C:\WINDOWS\System32\OpenSSH\;C:\Program Files\Git\cmd;C:\Program Files\Intel\WiFi\bin\;C:\Program Files\Common Files\Intel\WirelessCommon\;C:\ProgramData\chocolatey\bin;C:\Program Files (x86)\GitExtensions\;C:\Go\bin;C:\Program Files\nodejs\;C:\Users\ux430u\AppData\Local\Microsoft\WindowsApps;C:\Users\ux430u\go\bin;C:\Users\ux430u\AppData\Roaming\npm;C:\Users\ux430u\AppData\Local\Microsoft\WindowsApps;C:\Users\ux430u\AppData\Local\Android\Sdk\platform-tools;;."/>
    <property name="java.vendor" value="Oracle Corporation"/>
    <property name="java.vm.info" value="mixed mode"/>
    <property name="java.vm.version" value="11.0.8+10-LTS"/>
    <property name="sun.io.unicode.encoding" value="UnicodeLittle"/>
    <property name="java.class.version" value="55.0"/>
  </properties>
  <testcase name="testUserAddCommentWithNoID" classname="mflix.api.daos.UpdateCreateCommentTest" time="0.217">
    <failure message="Expected exception: mflix.api.daos.IncorrectDaoOperation" type="java.lang.AssertionError">java.lang.AssertionError: Expected exception: mflix.api.daos.IncorrectDaoOperation
</failure>
    <system-out><![CDATA[2021-05-06 14:00:52.051  INFO 47492 --- [           main] .b.t.c.SpringBootTestContextBootstrapper : Neither @ContextConfiguration nor @ContextHierarchy found for test class [mflix.api.daos.UpdateCreateCommentTest], using SpringBootContextLoader
2021-05-06 14:00:52.054  INFO 47492 --- [           main] o.s.t.c.support.AbstractContextLoader    : Could not detect default resource locations for test class [mflix.api.daos.UpdateCreateCommentTest]: no resource found for suffixes {-context.xml, Context.groovy}.
2021-05-06 14:00:52.061  INFO 47492 --- [           main] .b.t.c.SpringBootTestContextBootstrapper : Loaded default TestExecutionListener class names from location [META-INF/spring.factories]: [org.springframework.boot.test.mock.mockito.MockitoTestExecutionListener, org.springframework.boot.test.mock.mockito.ResetMocksTestExecutionListener, org.springframework.boot.test.autoconfigure.restdocs.RestDocsTestExecutionListener, org.springframework.boot.test.autoconfigure.web.client.MockRestServiceServerResetTestExecutionListener, org.springframework.boot.test.autoconfigure.web.servlet.MockMvcPrintOnlyOnFailureTestExecutionListener, org.springframework.boot.test.autoconfigure.web.servlet.WebDriverTestExecutionListener, org.springframework.test.context.web.ServletTestExecutionListener, org.springframework.test.context.support.DirtiesContextBeforeModesTestExecutionListener, org.springframework.test.context.support.DependencyInjectionTestExecutionListener, org.springframework.test.context.support.DirtiesContextTestExecutionListener, org.springframework.test.context.transaction.TransactionalTestExecutionListener, org.springframework.test.context.jdbc.SqlScriptsTestExecutionListener]
2021-05-06 14:00:52.063  INFO 47492 --- [           main] .b.t.c.SpringBootTestContextBootstrapper : Using TestExecutionListeners: [org.springframework.test.context.web.ServletTestExecutionListener@57c69937, org.springframework.test.context.support.DirtiesContextBeforeModesTestExecutionListener@1ad1c363, org.springframework.boot.test.mock.mockito.MockitoTestExecutionListener@446b64b3, org.springframework.boot.test.autoconfigure.SpringBootDependencyInjectionTestExecutionListener@35ac9ebd, org.springframework.test.context.support.DirtiesContextTestExecutionListener@56c0a61e, org.springframework.boot.test.mock.mockito.ResetMocksTestExecutionListener@421ead7e, org.springframework.boot.test.autoconfigure.restdocs.RestDocsTestExecutionListener@5dcf0772, org.springframework.boot.test.autoconfigure.web.client.MockRestServiceServerResetTestExecutionListener@c472300, org.springframework.boot.test.autoconfigure.web.servlet.MockMvcPrintOnlyOnFailureTestExecutionListener@5f6494c0, org.springframework.boot.test.autoconfigure.web.servlet.WebDriverTestExecutionListener@6826b70f]
]]></system-out>
  </testcase>
  <testcase name="testAddCommentUsingObjectId" classname="mflix.api.daos.UpdateCreateCommentTest" time="0.386"/>
  <testcase name="testUserUpdatesOwnComments" classname="mflix.api.daos.UpdateCreateCommentTest" time="0.211">
    <failure message="Should be able to update his own comments. Check updateComment implementation" type="java.lang.AssertionError">java.lang.AssertionError: Should be able to update his own comments. Check updateComment implementation
	at mflix.api.daos.UpdateCreateCommentTest.testUserUpdatesOwnComments(UpdateCreateCommentTest.java:87)
</failure>
    <system-out><![CDATA[2021-05-06 14:00:52.704  INFO 47492 --- [ngodb.net:27017] org.mongodb.driver.cluster               : Monitor thread successfully connected to server with description ServerDescription{address=mflix-shard-00-00.g7y6a.mongodb.net:27017, type=REPLICA_SET_SECONDARY, state=CONNECTED, ok=true, version=ServerVersion{versionList=[4, 4, 5]}, minWireVersion=0, maxWireVersion=9, maxDocumentSize=16777216, logicalSessionTimeoutMinutes=30, roundTripTimeNanos=135541400, setName='atlas-sbpqgj-shard-0', canonicalAddress=mflix-shard-00-00.g7y6a.mongodb.net:27017, hosts=[mflix-shard-00-00.g7y6a.mongodb.net:27017, mflix-shard-00-01.g7y6a.mongodb.net:27017, mflix-shard-00-02.g7y6a.mongodb.net:27017], passives=[], arbiters=[], primary='mflix-shard-00-02.g7y6a.mongodb.net:27017', tagSet=TagSet{[Tag{name='region', value='US_EAST_1'}, Tag{name='nodeType', value='ELECTABLE'}, Tag{name='provider', value='AWS'}, Tag{name='workloadType', value='OPERATIONAL'}]}, electionId=null, setVersion=1, lastWriteDate=Thu May 06 14:00:53 WET 2021, lastUpdateTimeNanos=1391920624643000}
2021-05-06 14:00:52.705  INFO 47492 --- [ngodb.net:27017] org.mongodb.driver.connection            : Opened connection [connectionId{localValue:27, serverValue:142934}] to mflix-shard-00-01.g7y6a.mongodb.net:27017
2021-05-06 14:00:52.705  INFO 47492 --- [ngodb.net:27017] org.mongodb.driver.cluster               : Monitor thread successfully connected to server with description ServerDescription{address=mflix-shard-00-02.g7y6a.mongodb.net:27017, type=REPLICA_SET_PRIMARY, state=CONNECTED, ok=true, version=ServerVersion{versionList=[4, 4, 5]}, minWireVersion=0, maxWireVersion=9, maxDocumentSize=16777216, logicalSessionTimeoutMinutes=30, roundTripTimeNanos=123596300, setName='atlas-sbpqgj-shard-0', canonicalAddress=mflix-shard-00-02.g7y6a.mongodb.net:27017, hosts=[mflix-shard-00-00.g7y6a.mongodb.net:27017, mflix-shard-00-01.g7y6a.mongodb.net:27017, mflix-shard-00-02.g7y6a.mongodb.net:27017], passives=[], arbiters=[], primary='mflix-shard-00-02.g7y6a.mongodb.net:27017', tagSet=TagSet{[Tag{name='provider', value='AWS'}, Tag{name='workloadType', value='OPERATIONAL'}, Tag{name='region', value='US_EAST_1'}, Tag{name='nodeType', value='ELECTABLE'}]}, electionId=7fffffff0000000000000004, setVersion=1, lastWriteDate=Thu May 06 14:00:53 WET 2021, lastUpdateTimeNanos=1391920626315900}
2021-05-06 14:00:52.705  INFO 47492 --- [ngodb.net:27017] org.mongodb.driver.connection            : Opened connection [connectionId{localValue:28, serverValue:143480}] to mflix-shard-00-00.g7y6a.mongodb.net:27017
2021-05-06 14:00:52.705  INFO 47492 --- [ngodb.net:27017] org.mongodb.driver.cluster               : Monitor thread successfully connected to server with description ServerDescription{address=mflix-shard-00-01.g7y6a.mongodb.net:27017, type=REPLICA_SET_SECONDARY, state=CONNECTED, ok=true, version=ServerVersion{versionList=[4, 4, 5]}, minWireVersion=0, maxWireVersion=9, maxDocumentSize=16777216, logicalSessionTimeoutMinutes=30, roundTripTimeNanos=134292300, setName='atlas-sbpqgj-shard-0', canonicalAddress=mflix-shard-00-01.g7y6a.mongodb.net:27017, hosts=[mflix-shard-00-00.g7y6a.mongodb.net:27017, mflix-shard-00-01.g7y6a.mongodb.net:27017, mflix-shard-00-02.g7y6a.mongodb.net:27017], passives=[], arbiters=[], primary='mflix-shard-00-02.g7y6a.mongodb.net:27017', tagSet=TagSet{[Tag{name='nodeType', value='ELECTABLE'}, Tag{name='provider', value='AWS'}, Tag{name='region', value='US_EAST_1'}, Tag{name='workloadType', value='OPERATIONAL'}]}, electionId=null, setVersion=1, lastWriteDate=Thu May 06 14:00:53 WET 2021, lastUpdateTimeNanos=1391920626357500}
2021-05-06 14:00:52.706  INFO 47492 --- [ngodb.net:27017] org.mongodb.driver.cluster               : Setting max election id to 7fffffff0000000000000004 from replica set primary mflix-shard-00-02.g7y6a.mongodb.net:27017
2021-05-06 14:00:52.706  INFO 47492 --- [ngodb.net:27017] org.mongodb.driver.connection            : Opened connection [connectionId{localValue:29, serverValue:151244}] to mflix-shard-00-02.g7y6a.mongodb.net:27017
2021-05-06 14:00:52.706  INFO 47492 --- [ngodb.net:27017] org.mongodb.driver.cluster               : Setting max set version to 1 from replica set primary mflix-shard-00-02.g7y6a.mongodb.net:27017
2021-05-06 14:00:52.706  INFO 47492 --- [ngodb.net:27017] org.mongodb.driver.cluster               : Discovered replica set primary mflix-shard-00-02.g7y6a.mongodb.net:27017
2021-05-06 14:00:52.807  INFO 47492 --- [ngodb.net:27017] org.mongodb.driver.cluster               : Monitor thread successfully connected to server with description ServerDescription{address=mflix-shard-00-01.g7y6a.mongodb.net:27017, type=REPLICA_SET_SECONDARY, state=CONNECTED, ok=true, version=ServerVersion{versionList=[4, 4, 5]}, minWireVersion=0, maxWireVersion=9, maxDocumentSize=16777216, logicalSessionTimeoutMinutes=30, roundTripTimeNanos=101340000, setName='atlas-sbpqgj-shard-0', canonicalAddress=mflix-shard-00-01.g7y6a.mongodb.net:27017, hosts=[mflix-shard-00-00.g7y6a.mongodb.net:27017, mflix-shard-00-01.g7y6a.mongodb.net:27017, mflix-shard-00-02.g7y6a.mongodb.net:27017], passives=[], arbiters=[], primary='mflix-shard-00-02.g7y6a.mongodb.net:27017', tagSet=TagSet{[Tag{name='nodeType', value='ELECTABLE'}, Tag{name='provider', value='AWS'}, Tag{name='region', value='US_EAST_1'}, Tag{name='workloadType', value='OPERATIONAL'}]}, electionId=null, setVersion=1, lastWriteDate=Thu May 06 14:00:53 WET 2021, lastUpdateTimeNanos=1391920727760900}
2021-05-06 14:00:52.811  INFO 47492 --- [ngodb.net:27017] org.mongodb.driver.cluster               : Monitor thread successfully connected to server with description ServerDescription{address=mflix-shard-00-00.g7y6a.mongodb.net:27017, type=REPLICA_SET_SECONDARY, state=CONNECTED, ok=true, version=ServerVersion{versionList=[4, 4, 5]}, minWireVersion=0, maxWireVersion=9, maxDocumentSize=16777216, logicalSessionTimeoutMinutes=30, roundTripTimeNanos=104824000, setName='atlas-sbpqgj-shard-0', canonicalAddress=mflix-shard-00-00.g7y6a.mongodb.net:27017, hosts=[mflix-shard-00-00.g7y6a.mongodb.net:27017, mflix-shard-00-01.g7y6a.mongodb.net:27017, mflix-shard-00-02.g7y6a.mongodb.net:27017], passives=[], arbiters=[], primary='mflix-shard-00-02.g7y6a.mongodb.net:27017', tagSet=TagSet{[Tag{name='region', value='US_EAST_1'}, Tag{name='nodeType', value='ELECTABLE'}, Tag{name='provider', value='AWS'}, Tag{name='workloadType', value='OPERATIONAL'}]}, electionId=null, setVersion=1, lastWriteDate=Thu May 06 14:00:53 WET 2021, lastUpdateTimeNanos=1391920731431800}
2021-05-06 14:00:52.811  INFO 47492 --- [ngodb.net:27017] org.mongodb.driver.cluster               : Monitor thread successfully connected to server with description ServerDescription{address=mflix-shard-00-02.g7y6a.mongodb.net:27017, type=REPLICA_SET_PRIMARY, state=CONNECTED, ok=true, version=ServerVersion{versionList=[4, 4, 5]}, minWireVersion=0, maxWireVersion=9, maxDocumentSize=16777216, logicalSessionTimeoutMinutes=30, roundTripTimeNanos=105115300, setName='atlas-sbpqgj-shard-0', canonicalAddress=mflix-shard-00-02.g7y6a.mongodb.net:27017, hosts=[mflix-shard-00-00.g7y6a.mongodb.net:27017, mflix-shard-00-01.g7y6a.mongodb.net:27017, mflix-shard-00-02.g7y6a.mongodb.net:27017], passives=[], arbiters=[], primary='mflix-shard-00-02.g7y6a.mongodb.net:27017', tagSet=TagSet{[Tag{name='nodeType', value='ELECTABLE'}, Tag{name='provider', value='AWS'}, Tag{name='workloadType', value='OPERATIONAL'}, Tag{name='region', value='US_EAST_1'}]}, electionId=7fffffff0000000000000004, setVersion=1, lastWriteDate=Thu May 06 14:00:53 WET 2021, lastUpdateTimeNanos=1391920732290100}
2021-05-06 14:00:52.812  INFO 47492 --- [ngodb.net:27017] org.mongodb.driver.cluster               : Setting max election id to 7fffffff0000000000000004 from replica set primary mflix-shard-00-02.g7y6a.mongodb.net:27017
2021-05-06 14:00:52.812  INFO 47492 --- [ngodb.net:27017] org.mongodb.driver.cluster               : Setting max set version to 1 from replica set primary mflix-shard-00-02.g7y6a.mongodb.net:27017
2021-05-06 14:00:52.812  INFO 47492 --- [ngodb.net:27017] org.mongodb.driver.cluster               : Discovered replica set primary mflix-shard-00-02.g7y6a.mongodb.net:27017
]]></system-out>
  </testcase>
  <testcase name="testUserFailsUpdateOthersComments" classname="mflix.api.daos.UpdateCreateCommentTest" time="0.214"/>
  <testcase name="testAddCommentWithId" classname="mflix.api.daos.UpdateCreateCommentTest" time="0.22">
    <failure message="Comment should have been correctly added. Check your addComments method" type="java.lang.AssertionError">java.lang.AssertionError: Comment should have been correctly added. Check your addComments method
	at mflix.api.daos.UpdateCreateCommentTest.testAddCommentWithId(UpdateCreateCommentTest.java:127)
</failure>
  </testcase>
</testsuite>