<?xml version="1.0" encoding="UTF-8"?>
<testsuite xmlns:xsi="http://www.w3.org/2001/XMLSchema-instance" xsi:noNamespaceSchemaLocation="https://maven.apache.org/surefire/maven-surefire-plugin/xsd/surefire-test-report.xsd" name="mflix.api.daos.MigrationTest" time="3.615" tests="2" errors="0" skipped="0" failures="2">
  <properties>
    <property name="sun.desktop" value="windows"/>
    <property name="awt.toolkit" value="sun.awt.windows.WToolkit"/>
    <property name="java.specification.version" value="11"/>
    <property name="sun.cpu.isalist" value="amd64"/>
    <property name="sun.jnu.encoding" value="Cp1252"/>
    <property name="java.class.path" value="C:\Users\ux430u\Documents\GitHub\mflix\target\test-classes;C:\Users\ux430u\Documents\GitHub\mflix\target\classes;C:\Users\ux430u\.m2\repository\org\springframework\boot\spring-boot-starter-web\2.0.3.RELEASE\spring-boot-starter-web-2.0.3.RELEASE.jar;C:\Users\ux430u\.m2\repository\org\springframework\boot\spring-boot-starter\2.0.3.RELEASE\spring-boot-starter-2.0.3.RELEASE.jar;C:\Users\ux430u\.m2\repository\org\springframework\boot\spring-boot-starter-logging\2.0.3.RELEASE\spring-boot-starter-logging-2.0.3.RELEASE.jar;C:\Users\ux430u\.m2\repository\ch\qos\logback\logback-classic\1.2.3\logback-classic-1.2.3.jar;C:\Users\ux430u\.m2\repository\ch\qos\logback\logback-core\1.2.3\logback-core-1.2.3.jar;C:\Users\ux430u\.m2\repository\org\apache\logging\log4j\log4j-to-slf4j\2.10.0\log4j-to-slf4j-2.10.0.jar;C:\Users\ux430u\.m2\repository\org\apache\logging\log4j\log4j-api\2.10.0\log4j-api-2.10.0.jar;C:\Users\ux430u\.m2\repository\org\slf4j\jul-to-slf4j\1.7.25\jul-to-slf4j-1.7.25.jar;C:\Users\ux430u\.m2\repository\javax\annotation\javax.annotation-api\1.3.2\javax.annotation-api-1.3.2.jar;C:\Users\ux430u\.m2\repository\org\yaml\snakeyaml\1.19\snakeyaml-1.19.jar;C:\Users\ux430u\.m2\repository\org\springframework\boot\spring-boot-starter-json\2.0.3.RELEASE\spring-boot-starter-json-2.0.3.RELEASE.jar;C:\Users\ux430u\.m2\repository\com\fasterxml\jackson\datatype\jackson-datatype-jdk8\2.9.6\jackson-datatype-jdk8-2.9.6.jar;C:\Users\ux430u\.m2\repository\com\fasterxml\jackson\datatype\jackson-datatype-jsr310\2.9.6\jackson-datatype-jsr310-2.9.6.jar;C:\Users\ux430u\.m2\repository\com\fasterxml\jackson\module\jackson-module-parameter-names\2.9.6\jackson-module-parameter-names-2.9.6.jar;C:\Users\ux430u\.m2\repository\org\springframework\boot\spring-boot-starter-tomcat\2.0.3.RELEASE\spring-boot-starter-tomcat-2.0.3.RELEASE.jar;C:\Users\ux430u\.m2\repository\org\apache\tomcat\embed\tomcat-embed-core\8.5.31\tomcat-embed-core-8.5.31.jar;C:\Users\ux430u\.m2\repository\org\apache\tomcat\embed\tomcat-embed-el\8.5.31\tomcat-embed-el-8.5.31.jar;C:\Users\ux430u\.m2\repository\org\apache\tomcat\embed\tomcat-embed-websocket\8.5.31\tomcat-embed-websocket-8.5.31.jar;C:\Users\ux430u\.m2\repository\org\hibernate\validator\hibernate-validator\6.0.10.Final\hibernate-validator-6.0.10.Final.jar;C:\Users\ux430u\.m2\repository\javax\validation\validation-api\2.0.1.Final\validation-api-2.0.1.Final.jar;C:\Users\ux430u\.m2\repository\org\jboss\logging\jboss-logging\3.3.2.Final\jboss-logging-3.3.2.Final.jar;C:\Users\ux430u\.m2\repository\com\fasterxml\classmate\1.3.4\classmate-1.3.4.jar;C:\Users\ux430u\.m2\repository\org\springframework\spring-webmvc\5.0.7.RELEASE\spring-webmvc-5.0.7.RELEASE.jar;C:\Users\ux430u\.m2\repository\org\springframework\boot\spring-boot-starter-test\2.0.3.RELEASE\spring-boot-starter-test-2.0.3.RELEASE.jar;C:\Users\ux430u\.m2\repository\org\springframework\boot\spring-boot-test\2.0.3.RELEASE\spring-boot-test-2.0.3.RELEASE.jar;C:\Users\ux430u\.m2\repository\org\springframework\boot\spring-boot-test-autoconfigure\2.0.3.RELEASE\spring-boot-test-autoconfigure-2.0.3.RELEASE.jar;C:\Users\ux430u\.m2\repository\com\jayway\jsonpath\json-path\2.4.0\json-path-2.4.0.jar;C:\Users\ux430u\.m2\repository\net\minidev\json-smart\2.3\json-smart-2.3.jar;C:\Users\ux430u\.m2\repository\net\minidev\accessors-smart\1.2\accessors-smart-1.2.jar;C:\Users\ux430u\.m2\repository\org\ow2\asm\asm\5.0.4\asm-5.0.4.jar;C:\Users\ux430u\.m2\repository\org\slf4j\slf4j-api\1.7.25\slf4j-api-1.7.25.jar;C:\Users\ux430u\.m2\repository\junit\junit\4.12\junit-4.12.jar;C:\Users\ux430u\.m2\repository\org\assertj\assertj-core\3.9.1\assertj-core-3.9.1.jar;C:\Users\ux430u\.m2\repository\org\mockito\mockito-core\2.15.0\mockito-core-2.15.0.jar;C:\Users\ux430u\.m2\repository\net\bytebuddy\byte-buddy\1.7.9\byte-buddy-1.7.9.jar;C:\Users\ux430u\.m2\repository\net\bytebuddy\byte-buddy-agent\1.7.9\byte-buddy-agent-1.7.9.jar;C:\Users\ux430u\.m2\repository\org\objenesis\objenesis\2.6\objenesis-2.6.jar;C:\Users\ux430u\.m2\repository\org\hamcrest\hamcrest-core\1.3\hamcrest-core-1.3.jar;C:\Users\ux430u\.m2\repository\org\hamcrest\hamcrest-library\1.3\hamcrest-library-1.3.jar;C:\Users\ux430u\.m2\repository\org\skyscreamer\jsonassert\1.5.0\jsonassert-1.5.0.jar;C:\Users\ux430u\.m2\repository\com\vaadin\external\google\android-json\0.0.20131108.vaadin1\android-json-0.0.20131108.vaadin1.jar;C:\Users\ux430u\.m2\repository\org\springframework\spring-test\5.0.7.RELEASE\spring-test-5.0.7.RELEASE.jar;C:\Users\ux430u\.m2\repository\org\xmlunit\xmlunit-core\2.5.1\xmlunit-core-2.5.1.jar;C:\Users\ux430u\.m2\repository\org\springframework\boot\spring-boot-starter-security\2.0.4.RELEASE\spring-boot-starter-security-2.0.4.RELEASE.jar;C:\Users\ux430u\.m2\repository\org\springframework\spring-aop\5.0.8.RELEASE\spring-aop-5.0.8.RELEASE.jar;C:\Users\ux430u\.m2\repository\org\springframework\security\spring-security-config\5.0.7.RELEASE\spring-security-config-5.0.7.RELEASE.jar;C:\Users\ux430u\.m2\repository\org\springframework\security\spring-security-core\5.0.7.RELEASE\spring-security-core-5.0.7.RELEASE.jar;C:\Users\ux430u\.m2\repository\org\springframework\security\spring-security-web\5.0.7.RELEASE\spring-security-web-5.0.7.RELEASE.jar;C:\Users\ux430u\.m2\repository\org\springframework\boot\spring-boot\2.0.4.RELEASE\spring-boot-2.0.4.RELEASE.jar;C:\Users\ux430u\.m2\repository\org\springframework\spring-context\5.0.7.RELEASE\spring-context-5.0.7.RELEASE.jar;C:\Users\ux430u\.m2\repository\org\springframework\spring-beans\5.0.7.RELEASE\spring-beans-5.0.7.RELEASE.jar;C:\Users\ux430u\.m2\repository\org\springframework\spring-expression\5.0.7.RELEASE\spring-expression-5.0.7.RELEASE.jar;C:\Users\ux430u\.m2\repository\org\springframework\spring-core\5.0.7.RELEASE\spring-core-5.0.7.RELEASE.jar;C:\Users\ux430u\.m2\repository\org\springframework\spring-jcl\5.0.7.RELEASE\spring-jcl-5.0.7.RELEASE.jar;C:\Users\ux430u\.m2\repository\org\springframework\boot\spring-boot-autoconfigure\2.0.3.RELEASE\spring-boot-autoconfigure-2.0.3.RELEASE.jar;C:\Users\ux430u\.m2\repository\org\springframework\spring-web\5.0.7.RELEASE\spring-web-5.0.7.RELEASE.jar;C:\Users\ux430u\.m2\repository\io\jsonwebtoken\jjwt\0.9.1\jjwt-0.9.1.jar;C:\Users\ux430u\.m2\repository\com\fasterxml\jackson\core\jackson-databind\2.9.6\jackson-databind-2.9.6.jar;C:\Users\ux430u\.m2\repository\com\fasterxml\jackson\core\jackson-annotations\2.9.0\jackson-annotations-2.9.0.jar;C:\Users\ux430u\.m2\repository\com\fasterxml\jackson\core\jackson-core\2.9.6\jackson-core-2.9.6.jar;C:\Users\ux430u\.m2\repository\org\junit\jupiter\junit-jupiter-api\5.1.0\junit-jupiter-api-5.1.0.jar;C:\Users\ux430u\.m2\repository\org\apiguardian\apiguardian-api\1.0.0\apiguardian-api-1.0.0.jar;C:\Users\ux430u\.m2\repository\org\opentest4j\opentest4j\1.0.0\opentest4j-1.0.0.jar;C:\Users\ux430u\.m2\repository\org\junit\platform\junit-platform-commons\1.1.0\junit-platform-commons-1.1.0.jar;C:\Users\ux430u\.m2\repository\org\mongodb\mongodb-driver-sync\3.9.1\mongodb-driver-sync-3.9.1.jar;C:\Users\ux430u\.m2\repository\org\mongodb\bson\3.9.1\bson-3.9.1.jar;C:\Users\ux430u\.m2\repository\org\mongodb\mongodb-driver-core\3.9.1\mongodb-driver-core-3.9.1.jar;C:\Users\ux430u\.m2\repository\javax\xml\bind\jaxb-api\2.3.1\jaxb-api-2.3.1.jar;C:\Users\ux430u\.m2\repository\javax\activation\javax.activation-api\1.2.0\javax.activation-api-1.2.0.jar;"/>
    <property name="java.vm.vendor" value="Oracle Corporation"/>
    <property name="sun.arch.data.model" value="64"/>
    <property name="user.variant" value=""/>
    <property name="java.vendor.url" value="https://openjdk.java.net/"/>
    <property name="user.timezone" value="Africa/Casablanca"/>
    <property name="java.vm.specification.version" value="11"/>
    <property name="os.name" value="Windows 10"/>
    <property name="sun.java.launcher" value="SUN_STANDARD"/>
    <property name="user.country" value="FR"/>
    <property name="sun.boot.library.path" value="C:\Program Files\Java\jdk-11.0.8\bin"/>
    <property name="sun.java.command" value="C:\Users\ux430u\AppData\Local\Temp\surefire11924360610820249947\surefirebooter1992801005235100309.jar C:\Users\ux430u\AppData\Local\Temp\surefire11924360610820249947 2021-05-06T14-00-29_791-jvmRun1 surefire11177516672208130087tmp surefire_06182474359943778152tmp"/>
    <property name="jdk.debug" value="release"/>
    <property name="surefire.test.class.path" value="C:\Users\ux430u\Documents\GitHub\mflix\target\test-classes;C:\Users\ux430u\Documents\GitHub\mflix\target\classes;C:\Users\ux430u\.m2\repository\org\springframework\boot\spring-boot-starter-web\2.0.3.RELEASE\spring-boot-starter-web-2.0.3.RELEASE.jar;C:\Users\ux430u\.m2\repository\org\springframework\boot\spring-boot-starter\2.0.3.RELEASE\spring-boot-starter-2.0.3.RELEASE.jar;C:\Users\ux430u\.m2\repository\org\springframework\boot\spring-boot-starter-logging\2.0.3.RELEASE\spring-boot-starter-logging-2.0.3.RELEASE.jar;C:\Users\ux430u\.m2\repository\ch\qos\logback\logback-classic\1.2.3\logback-classic-1.2.3.jar;C:\Users\ux430u\.m2\repository\ch\qos\logback\logback-core\1.2.3\logback-core-1.2.3.jar;C:\Users\ux430u\.m2\repository\org\apache\logging\log4j\log4j-to-slf4j\2.10.0\log4j-to-slf4j-2.10.0.jar;C:\Users\ux430u\.m2\repository\org\apache\logging\log4j\log4j-api\2.10.0\log4j-api-2.10.0.jar;C:\Users\ux430u\.m2\repository\org\slf4j\jul-to-slf4j\1.7.25\jul-to-slf4j-1.7.25.jar;C:\Users\ux430u\.m2\repository\javax\annotation\javax.annotation-api\1.3.2\javax.annotation-api-1.3.2.jar;C:\Users\ux430u\.m2\repository\org\yaml\snakeyaml\1.19\snakeyaml-1.19.jar;C:\Users\ux430u\.m2\repository\org\springframework\boot\spring-boot-starter-json\2.0.3.RELEASE\spring-boot-starter-json-2.0.3.RELEASE.jar;C:\Users\ux430u\.m2\repository\com\fasterxml\jackson\datatype\jackson-datatype-jdk8\2.9.6\jackson-datatype-jdk8-2.9.6.jar;C:\Users\ux430u\.m2\repository\com\fasterxml\jackson\datatype\jackson-datatype-jsr310\2.9.6\jackson-datatype-jsr310-2.9.6.jar;C:\Users\ux430u\.m2\repository\com\fasterxml\jackson\module\jackson-module-parameter-names\2.9.6\jackson-module-parameter-names-2.9.6.jar;C:\Users\ux430u\.m2\repository\org\springframework\boot\spring-boot-starter-tomcat\2.0.3.RELEASE\spring-boot-starter-tomcat-2.0.3.RELEASE.jar;C:\Users\ux430u\.m2\repository\org\apache\tomcat\embed\tomcat-embed-core\8.5.31\tomcat-embed-core-8.5.31.jar;C:\Users\ux430u\.m2\repository\org\apache\tomcat\embed\tomcat-embed-el\8.5.31\tomcat-embed-el-8.5.31.jar;C:\Users\ux430u\.m2\repository\org\apache\tomcat\embed\tomcat-embed-websocket\8.5.31\tomcat-embed-websocket-8.5.31.jar;C:\Users\ux430u\.m2\repository\org\hibernate\validator\hibernate-validator\6.0.10.Final\hibernate-validator-6.0.10.Final.jar;C:\Users\ux430u\.m2\repository\javax\validation\validation-api\2.0.1.Final\validation-api-2.0.1.Final.jar;C:\Users\ux430u\.m2\repository\org\jboss\logging\jboss-logging\3.3.2.Final\jboss-logging-3.3.2.Final.jar;C:\Users\ux430u\.m2\repository\com\fasterxml\classmate\1.3.4\classmate-1.3.4.jar;C:\Users\ux430u\.m2\repository\org\springframework\spring-webmvc\5.0.7.RELEASE\spring-webmvc-5.0.7.RELEASE.jar;C:\Users\ux430u\.m2\repository\org\springframework\boot\spring-boot-starter-test\2.0.3.RELEASE\spring-boot-starter-test-2.0.3.RELEASE.jar;C:\Users\ux430u\.m2\repository\org\springframework\boot\spring-boot-test\2.0.3.RELEASE\spring-boot-test-2.0.3.RELEASE.jar;C:\Users\ux430u\.m2\repository\org\springframework\boot\spring-boot-test-autoconfigure\2.0.3.RELEASE\spring-boot-test-autoconfigure-2.0.3.RELEASE.jar;C:\Users\ux430u\.m2\repository\com\jayway\jsonpath\json-path\2.4.0\json-path-2.4.0.jar;C:\Users\ux430u\.m2\repository\net\minidev\json-smart\2.3\json-smart-2.3.jar;C:\Users\ux430u\.m2\repository\net\minidev\accessors-smart\1.2\accessors-smart-1.2.jar;C:\Users\ux430u\.m2\repository\org\ow2\asm\asm\5.0.4\asm-5.0.4.jar;C:\Users\ux430u\.m2\repository\org\slf4j\slf4j-api\1.7.25\slf4j-api-1.7.25.jar;C:\Users\ux430u\.m2\repository\junit\junit\4.12\junit-4.12.jar;C:\Users\ux430u\.m2\repository\org\assertj\assertj-core\3.9.1\assertj-core-3.9.1.jar;C:\Users\ux430u\.m2\repository\org\mockito\mockito-core\2.15.0\mockito-core-2.15.0.jar;C:\Users\ux430u\.m2\repository\net\bytebuddy\byte-buddy\1.7.9\byte-buddy-1.7.9.jar;C:\Users\ux430u\.m2\repository\net\bytebuddy\byte-buddy-agent\1.7.9\byte-buddy-agent-1.7.9.jar;C:\Users\ux430u\.m2\repository\org\objenesis\objenesis\2.6\objenesis-2.6.jar;C:\Users\ux430u\.m2\repository\org\hamcrest\hamcrest-core\1.3\hamcrest-core-1.3.jar;C:\Users\ux430u\.m2\repository\org\hamcrest\hamcrest-library\1.3\hamcrest-library-1.3.jar;C:\Users\ux430u\.m2\repository\org\skyscreamer\jsonassert\1.5.0\jsonassert-1.5.0.jar;C:\Users\ux430u\.m2\repository\com\vaadin\external\google\android-json\0.0.20131108.vaadin1\android-json-0.0.20131108.vaadin1.jar;C:\Users\ux430u\.m2\repository\org\springframework\spring-test\5.0.7.RELEASE\spring-test-5.0.7.RELEASE.jar;C:\Users\ux430u\.m2\repository\org\xmlunit\xmlunit-core\2.5.1\xmlunit-core-2.5.1.jar;C:\Users\ux430u\.m2\repository\org\springframework\boot\spring-boot-starter-security\2.0.4.RELEASE\spring-boot-starter-security-2.0.4.RELEASE.jar;C:\Users\ux430u\.m2\repository\org\springframework\spring-aop\5.0.8.RELEASE\spring-aop-5.0.8.RELEASE.jar;C:\Users\ux430u\.m2\repository\org\springframework\security\spring-security-config\5.0.7.RELEASE\spring-security-config-5.0.7.RELEASE.jar;C:\Users\ux430u\.m2\repository\org\springframework\security\spring-security-core\5.0.7.RELEASE\spring-security-core-5.0.7.RELEASE.jar;C:\Users\ux430u\.m2\repository\org\springframework\security\spring-security-web\5.0.7.RELEASE\spring-security-web-5.0.7.RELEASE.jar;C:\Users\ux430u\.m2\repository\org\springframework\boot\spring-boot\2.0.4.RELEASE\spring-boot-2.0.4.RELEASE.jar;C:\Users\ux430u\.m2\repository\org\springframework\spring-context\5.0.7.RELEASE\spring-context-5.0.7.RELEASE.jar;C:\Users\ux430u\.m2\repository\org\springframework\spring-beans\5.0.7.RELEASE\spring-beans-5.0.7.RELEASE.jar;C:\Users\ux430u\.m2\repository\org\springframework\spring-expression\5.0.7.RELEASE\spring-expression-5.0.7.RELEASE.jar;C:\Users\ux430u\.m2\repository\org\springframework\spring-core\5.0.7.RELEASE\spring-core-5.0.7.RELEASE.jar;C:\Users\ux430u\.m2\repository\org\springframework\spring-jcl\5.0.7.RELEASE\spring-jcl-5.0.7.RELEASE.jar;C:\Users\ux430u\.m2\repository\org\springframework\boot\spring-boot-autoconfigure\2.0.3.RELEASE\spring-boot-autoconfigure-2.0.3.RELEASE.jar;C:\Users\ux430u\.m2\repository\org\springframework\spring-web\5.0.7.RELEASE\spring-web-5.0.7.RELEASE.jar;C:\Users\ux430u\.m2\repository\io\jsonwebtoken\jjwt\0.9.1\jjwt-0.9.1.jar;C:\Users\ux430u\.m2\repository\com\fasterxml\jackson\core\jackson-databind\2.9.6\jackson-databind-2.9.6.jar;C:\Users\ux430u\.m2\repository\com\fasterxml\jackson\core\jackson-annotations\2.9.0\jackson-annotations-2.9.0.jar;C:\Users\ux430u\.m2\repository\com\fasterxml\jackson\core\jackson-core\2.9.6\jackson-core-2.9.6.jar;C:\Users\ux430u\.m2\repository\org\junit\jupiter\junit-jupiter-api\5.1.0\junit-jupiter-api-5.1.0.jar;C:\Users\ux430u\.m2\repository\org\apiguardian\apiguardian-api\1.0.0\apiguardian-api-1.0.0.jar;C:\Users\ux430u\.m2\repository\org\opentest4j\opentest4j\1.0.0\opentest4j-1.0.0.jar;C:\Users\ux430u\.m2\repository\org\junit\platform\junit-platform-commons\1.1.0\junit-platform-commons-1.1.0.jar;C:\Users\ux430u\.m2\repository\org\mongodb\mongodb-driver-sync\3.9.1\mongodb-driver-sync-3.9.1.jar;C:\Users\ux430u\.m2\repository\org\mongodb\bson\3.9.1\bson-3.9.1.jar;C:\Users\ux430u\.m2\repository\org\mongodb\mongodb-driver-core\3.9.1\mongodb-driver-core-3.9.1.jar;C:\Users\ux430u\.m2\repository\javax\xml\bind\jaxb-api\2.3.1\jaxb-api-2.3.1.jar;C:\Users\ux430u\.m2\repository\javax\activation\javax.activation-api\1.2.0\javax.activation-api-1.2.0.jar;"/>
    <property name="sun.cpu.endian" value="little"/>
    <property name="user.home" value="C:\Users\ux430u"/>
    <property name="user.language" value="fr"/>
    <property name="java.specification.vendor" value="Oracle Corporation"/>
    <property name="java.version.date" value="2020-07-14"/>
    <property name="java.home" value="C:\Program Files\Java\jdk-11.0.8"/>
    <property name="file.separator" value="\"/>
    <property name="basedir" value="C:\Users\ux430u\Documents\GitHub\mflix"/>
    <property name="java.vm.compressedOopsMode" value="Zero based"/>
    <property name="line.separator" value="&#10;"/>
    <property name="java.specification.name" value="Java Platform API Specification"/>
    <property name="java.vm.specification.vendor" value="Oracle Corporation"/>
    <property name="java.awt.graphicsenv" value="sun.awt.Win32GraphicsEnvironment"/>
    <property name="surefire.real.class.path" value="C:\Users\ux430u\AppData\Local\Temp\surefire11924360610820249947\surefirebooter1992801005235100309.jar"/>
    <property name="user.script" value=""/>
    <property name="sun.management.compiler" value="HotSpot 64-Bit Tiered Compilers"/>
    <property name="java.runtime.version" value="11.0.8+10-LTS"/>
    <property name="user.name" value="ux430u"/>
    <property name="path.separator" value=";"/>
    <property name="os.version" value="10.0"/>
    <property name="java.runtime.name" value="Java(TM) SE Runtime Environment"/>
    <property name="file.encoding" value="Cp1252"/>
    <property name="java.vm.name" value="Java HotSpot(TM) 64-Bit Server VM"/>
    <property name="java.vendor.version" value="18.9"/>
    <property name="localRepository" value="C:\Users\ux430u\.m2\repository"/>
    <property name="java.vendor.url.bug" value="https://bugreport.java.com/bugreport/"/>
    <property name="java.io.tmpdir" value="C:\Users\ux430u\AppData\Local\Temp\"/>
    <property name="idea.version" value="2020.2.1"/>
    <property name="java.version" value="11.0.8"/>
    <property name="user.dir" value="C:\Users\ux430u\Documents\GitHub\mflix"/>
    <property name="os.arch" value="amd64"/>
    <property name="java.vm.specification.name" value="Java Virtual Machine Specification"/>
    <property name="java.awt.printerjob" value="sun.awt.windows.WPrinterJob"/>
    <property name="sun.os.patch.level" value=""/>
    <property name="java.library.path" value="C:\Program Files\Java\jdk-11.0.8\bin;C:\WINDOWS\Sun\Java\bin;C:\WINDOWS\system32;C:\WINDOWS;C:\Program Files\Common Files\Oracle\Java\javapath;C:\Python27\;C:\Python27\Scripts;C:\Program Files (x86)\Common Files\Oracle\Java\javapath;C:\WINDOWS\system32;C:\WINDOWS;C:\WINDOWS\System32\Wbem;C:\WINDOWS\System32\WindowsPowerShell\v1.0\;C:\WINDOWS\System32\OpenSSH\;C:\Program Files\Git\cmd;C:\Program Files\Intel\WiFi\bin\;C:\Program Files\Common Files\Intel\WirelessCommon\;C:\ProgramData\chocolatey\bin;C:\Program Files (x86)\GitExtensions\;C:\Go\bin;C:\Program Files\nodejs\;C:\Users\ux430u\AppData\Local\Microsoft\WindowsApps;C:\Users\ux430u\go\bin;C:\Users\ux430u\AppData\Roaming\npm;C:\Users\ux430u\AppData\Local\Microsoft\WindowsApps;C:\Users\ux430u\AppData\Local\Android\Sdk\platform-tools;;."/>
    <property name="java.vendor" value="Oracle Corporation"/>
    <property name="java.vm.info" value="mixed mode"/>
    <property name="java.vm.version" value="11.0.8+10-LTS"/>
    <property name="sun.io.unicode.encoding" value="UnicodeLittle"/>
    <property name="java.class.version" value="55.0"/>
  </properties>
  <testcase name="testAllDocumentsIMDBRatingNumber" classname="mflix.api.daos.MigrationTest" time="1.822">
    <failure message="Should not find documents where `imdb.rating` is of not of `number` type expected:&lt;0&gt; but was:&lt;61&gt;" type="java.lang.AssertionError"><![CDATA[java.lang.AssertionError: Should not find documents where `imdb.rating` is of not of `number` type expected:<0> but was:<61>
	at mflix.api.daos.MigrationTest.testAllDocumentsIMDBRatingNumber(MigrationTest.java:42)
]]></failure>
    <system-out><![CDATA[2021-05-06 14:00:44.030  INFO 47492 --- [           main] org.mongodb.driver.cluster               : Cluster created with settings {hosts=[mflix-shard-00-01.g7y6a.mongodb.net:27017, mflix-shard-00-02.g7y6a.mongodb.net:27017, mflix-shard-00-00.g7y6a.mongodb.net:27017], mode=MULTIPLE, requiredClusterType=REPLICA_SET, serverSelectionTimeout='30000 ms', maxWaitQueueSize=500, requiredReplicaSetName='atlas-sbpqgj-shard-0'}
2021-05-06 14:00:44.030  INFO 47492 --- [           main] org.mongodb.driver.cluster               : Adding discovered server mflix-shard-00-01.g7y6a.mongodb.net:27017 to client view of cluster
2021-05-06 14:00:44.031  INFO 47492 --- [           main] org.mongodb.driver.cluster               : Adding discovered server mflix-shard-00-02.g7y6a.mongodb.net:27017 to client view of cluster
2021-05-06 14:00:44.032  INFO 47492 --- [           main] org.mongodb.driver.cluster               : Adding discovered server mflix-shard-00-00.g7y6a.mongodb.net:27017 to client view of cluster
2021-05-06 14:00:44.035  INFO 47492 --- [           main] org.mongodb.driver.cluster               : No server chosen by com.mongodb.client.internal.MongoClientDelegate$1@3487442d from cluster description ClusterDescription{type=REPLICA_SET, connectionMode=MULTIPLE, serverDescriptions=[ServerDescription{address=mflix-shard-00-02.g7y6a.mongodb.net:27017, type=UNKNOWN, state=CONNECTING}, ServerDescription{address=mflix-shard-00-01.g7y6a.mongodb.net:27017, type=UNKNOWN, state=CONNECTING}, ServerDescription{address=mflix-shard-00-00.g7y6a.mongodb.net:27017, type=UNKNOWN, state=CONNECTING}]}. Waiting for 30000 ms before timing out
2021-05-06 14:00:44.603  INFO 47492 --- [ngodb.net:27017] org.mongodb.driver.connection            : Opened connection [connectionId{localValue:14, serverValue:143474}] to mflix-shard-00-00.g7y6a.mongodb.net:27017
2021-05-06 14:00:44.623  INFO 47492 --- [ngodb.net:27017] org.mongodb.driver.connection            : Opened connection [connectionId{localValue:13, serverValue:142930}] to mflix-shard-00-01.g7y6a.mongodb.net:27017
2021-05-06 14:00:44.628  INFO 47492 --- [ngodb.net:27017] org.mongodb.driver.connection            : Opened connection [connectionId{localValue:15, serverValue:151248}] to mflix-shard-00-02.g7y6a.mongodb.net:27017
2021-05-06 14:00:44.708  INFO 47492 --- [ngodb.net:27017] org.mongodb.driver.cluster               : Monitor thread successfully connected to server with description ServerDescription{address=mflix-shard-00-00.g7y6a.mongodb.net:27017, type=REPLICA_SET_SECONDARY, state=CONNECTED, ok=true, version=ServerVersion{versionList=[4, 4, 5]}, minWireVersion=0, maxWireVersion=9, maxDocumentSize=16777216, logicalSessionTimeoutMinutes=30, roundTripTimeNanos=104240500, setName='atlas-sbpqgj-shard-0', canonicalAddress=mflix-shard-00-00.g7y6a.mongodb.net:27017, hosts=[mflix-shard-00-00.g7y6a.mongodb.net:27017, mflix-shard-00-01.g7y6a.mongodb.net:27017, mflix-shard-00-02.g7y6a.mongodb.net:27017], passives=[], arbiters=[], primary='mflix-shard-00-02.g7y6a.mongodb.net:27017', tagSet=TagSet{[Tag{name='region', value='US_EAST_1'}, Tag{name='nodeType', value='ELECTABLE'}, Tag{name='provider', value='AWS'}, Tag{name='workloadType', value='OPERATIONAL'}]}, electionId=null, setVersion=1, lastWriteDate=Thu May 06 14:00:45 WET 2021, lastUpdateTimeNanos=1391912627861500}
2021-05-06 14:00:44.710  INFO 47492 --- [           main] org.mongodb.driver.cluster               : No server chosen by ReadPreferenceServerSelector{readPreference=primary} from cluster description ClusterDescription{type=REPLICA_SET, connectionMode=MULTIPLE, serverDescriptions=[ServerDescription{address=mflix-shard-00-02.g7y6a.mongodb.net:27017, type=UNKNOWN, state=CONNECTING}, ServerDescription{address=mflix-shard-00-01.g7y6a.mongodb.net:27017, type=UNKNOWN, state=CONNECTING}, ServerDescription{address=mflix-shard-00-00.g7y6a.mongodb.net:27017, type=REPLICA_SET_SECONDARY, state=CONNECTED, ok=true, version=ServerVersion{versionList=[4, 4, 5]}, minWireVersion=0, maxWireVersion=9, maxDocumentSize=16777216, logicalSessionTimeoutMinutes=30, roundTripTimeNanos=104240500, setName='atlas-sbpqgj-shard-0', canonicalAddress=mflix-shard-00-00.g7y6a.mongodb.net:27017, hosts=[mflix-shard-00-00.g7y6a.mongodb.net:27017, mflix-shard-00-01.g7y6a.mongodb.net:27017, mflix-shard-00-02.g7y6a.mongodb.net:27017], passives=[], arbiters=[], primary='mflix-shard-00-02.g7y6a.mongodb.net:27017', tagSet=TagSet{[Tag{name='region', value='US_EAST_1'}, Tag{name='nodeType', value='ELECTABLE'}, Tag{name='provider', value='AWS'}, Tag{name='workloadType', value='OPERATIONAL'}]}, electionId=null, setVersion=1, lastWriteDate=Thu May 06 14:00:45 WET 2021, lastUpdateTimeNanos=1391912627861500}]}. Waiting for 30000 ms before timing out
2021-05-06 14:00:44.725  INFO 47492 --- [ngodb.net:27017] org.mongodb.driver.cluster               : Monitor thread successfully connected to server with description ServerDescription{address=mflix-shard-00-01.g7y6a.mongodb.net:27017, type=REPLICA_SET_SECONDARY, state=CONNECTED, ok=true, version=ServerVersion{versionList=[4, 4, 5]}, minWireVersion=0, maxWireVersion=9, maxDocumentSize=16777216, logicalSessionTimeoutMinutes=30, roundTripTimeNanos=102111200, setName='atlas-sbpqgj-shard-0', canonicalAddress=mflix-shard-00-01.g7y6a.mongodb.net:27017, hosts=[mflix-shard-00-00.g7y6a.mongodb.net:27017, mflix-shard-00-01.g7y6a.mongodb.net:27017, mflix-shard-00-02.g7y6a.mongodb.net:27017], passives=[], arbiters=[], primary='mflix-shard-00-02.g7y6a.mongodb.net:27017', tagSet=TagSet{[Tag{name='nodeType', value='ELECTABLE'}, Tag{name='workloadType', value='OPERATIONAL'}, Tag{name='region', value='US_EAST_1'}, Tag{name='provider', value='AWS'}]}, electionId=null, setVersion=1, lastWriteDate=Thu May 06 14:00:45 WET 2021, lastUpdateTimeNanos=1391912645465500}
2021-05-06 14:00:44.731  INFO 47492 --- [ngodb.net:27017] org.mongodb.driver.cluster               : Monitor thread successfully connected to server with description ServerDescription{address=mflix-shard-00-02.g7y6a.mongodb.net:27017, type=REPLICA_SET_PRIMARY, state=CONNECTED, ok=true, version=ServerVersion{versionList=[4, 4, 5]}, minWireVersion=0, maxWireVersion=9, maxDocumentSize=16777216, logicalSessionTimeoutMinutes=30, roundTripTimeNanos=103211800, setName='atlas-sbpqgj-shard-0', canonicalAddress=mflix-shard-00-02.g7y6a.mongodb.net:27017, hosts=[mflix-shard-00-00.g7y6a.mongodb.net:27017, mflix-shard-00-01.g7y6a.mongodb.net:27017, mflix-shard-00-02.g7y6a.mongodb.net:27017], passives=[], arbiters=[], primary='mflix-shard-00-02.g7y6a.mongodb.net:27017', tagSet=TagSet{[Tag{name='provider', value='AWS'}, Tag{name='workloadType', value='OPERATIONAL'}, Tag{name='nodeType', value='ELECTABLE'}, Tag{name='region', value='US_EAST_1'}]}, electionId=7fffffff0000000000000004, setVersion=1, lastWriteDate=Thu May 06 14:00:45 WET 2021, lastUpdateTimeNanos=1391912651293700}
2021-05-06 14:00:44.731  INFO 47492 --- [ngodb.net:27017] org.mongodb.driver.cluster               : Setting max election id to 7fffffff0000000000000004 from replica set primary mflix-shard-00-02.g7y6a.mongodb.net:27017
2021-05-06 14:00:44.732  INFO 47492 --- [ngodb.net:27017] org.mongodb.driver.cluster               : Setting max set version to 1 from replica set primary mflix-shard-00-02.g7y6a.mongodb.net:27017
2021-05-06 14:00:44.733  INFO 47492 --- [ngodb.net:27017] org.mongodb.driver.cluster               : Discovered replica set primary mflix-shard-00-02.g7y6a.mongodb.net:27017
2021-05-06 14:00:45.586  INFO 47492 --- [           main] org.mongodb.driver.connection            : Opened connection [connectionId{localValue:16, serverValue:151248}] to mflix-shard-00-02.g7y6a.mongodb.net:27017
]]></system-out>
  </testcase>
  <testcase name="testAllDocumentsUpdateDateIsDateType" classname="mflix.api.daos.MigrationTest" time="1.792">
    <failure message="Should not find documents where `lastupdated` is of `string` type expected:&lt;0&gt; but was:&lt;23530&gt;" type="java.lang.AssertionError"><![CDATA[java.lang.AssertionError: Should not find documents where `lastupdated` is of `string` type expected:<0> but was:<23530>
	at mflix.api.daos.MigrationTest.testAllDocumentsUpdateDateIsDateType(MigrationTest.java:31)
]]></failure>
    <system-out><![CDATA[2021-05-06 14:00:45.814  INFO 47492 --- [ngodb.net:27017] org.mongodb.driver.cluster               : Monitor thread successfully connected to server with description ServerDescription{address=mflix-shard-00-02.g7y6a.mongodb.net:27017, type=REPLICA_SET_PRIMARY, state=CONNECTED, ok=true, version=ServerVersion{versionList=[4, 4, 5]}, minWireVersion=0, maxWireVersion=9, maxDocumentSize=16777216, logicalSessionTimeoutMinutes=30, roundTripTimeNanos=124313940, setName='atlas-sbpqgj-shard-0', canonicalAddress=mflix-shard-00-02.g7y6a.mongodb.net:27017, hosts=[mflix-shard-00-00.g7y6a.mongodb.net:27017, mflix-shard-00-01.g7y6a.mongodb.net:27017, mflix-shard-00-02.g7y6a.mongodb.net:27017], passives=[], arbiters=[], primary='mflix-shard-00-02.g7y6a.mongodb.net:27017', tagSet=TagSet{[Tag{name='nodeType', value='ELECTABLE'}, Tag{name='provider', value='AWS'}, Tag{name='workloadType', value='OPERATIONAL'}, Tag{name='region', value='US_EAST_1'}]}, electionId=7fffffff0000000000000004, setVersion=1, lastWriteDate=Thu May 06 14:00:46 WET 2021, lastUpdateTimeNanos=1391913735194100}
2021-05-06 14:00:45.836  INFO 47492 --- [ngodb.net:27017] org.mongodb.driver.cluster               : Monitor thread successfully connected to server with description ServerDescription{address=mflix-shard-00-01.g7y6a.mongodb.net:27017, type=REPLICA_SET_SECONDARY, state=CONNECTED, ok=true, version=ServerVersion{versionList=[4, 4, 5]}, minWireVersion=0, maxWireVersion=9, maxDocumentSize=16777216, logicalSessionTimeoutMinutes=30, roundTripTimeNanos=131432260, setName='atlas-sbpqgj-shard-0', canonicalAddress=mflix-shard-00-01.g7y6a.mongodb.net:27017, hosts=[mflix-shard-00-00.g7y6a.mongodb.net:27017, mflix-shard-00-01.g7y6a.mongodb.net:27017, mflix-shard-00-02.g7y6a.mongodb.net:27017], passives=[], arbiters=[], primary='mflix-shard-00-02.g7y6a.mongodb.net:27017', tagSet=TagSet{[Tag{name='nodeType', value='ELECTABLE'}, Tag{name='workloadType', value='OPERATIONAL'}, Tag{name='region', value='US_EAST_1'}, Tag{name='provider', value='AWS'}]}, electionId=null, setVersion=1, lastWriteDate=Thu May 06 14:00:46 WET 2021, lastUpdateTimeNanos=1391913756828500}
2021-05-06 14:00:45.854  INFO 47492 --- [           main] org.mongodb.driver.cluster               : Cluster created with settings {hosts=[mflix-shard-00-02.g7y6a.mongodb.net:27017, mflix-shard-00-01.g7y6a.mongodb.net:27017, mflix-shard-00-00.g7y6a.mongodb.net:27017], mode=MULTIPLE, requiredClusterType=REPLICA_SET, serverSelectionTimeout='30000 ms', maxWaitQueueSize=500, requiredReplicaSetName='atlas-sbpqgj-shard-0'}
2021-05-06 14:00:45.855  INFO 47492 --- [           main] org.mongodb.driver.cluster               : Adding discovered server mflix-shard-00-02.g7y6a.mongodb.net:27017 to client view of cluster
2021-05-06 14:00:45.855  INFO 47492 --- [           main] org.mongodb.driver.cluster               : Adding discovered server mflix-shard-00-01.g7y6a.mongodb.net:27017 to client view of cluster
2021-05-06 14:00:45.856  INFO 47492 --- [           main] org.mongodb.driver.cluster               : Adding discovered server mflix-shard-00-00.g7y6a.mongodb.net:27017 to client view of cluster
2021-05-06 14:00:45.857  INFO 47492 --- [           main] org.mongodb.driver.cluster               : No server chosen by com.mongodb.client.internal.MongoClientDelegate$1@4def7d36 from cluster description ClusterDescription{type=REPLICA_SET, connectionMode=MULTIPLE, serverDescriptions=[ServerDescription{address=mflix-shard-00-02.g7y6a.mongodb.net:27017, type=UNKNOWN, state=CONNECTING}, ServerDescription{address=mflix-shard-00-01.g7y6a.mongodb.net:27017, type=UNKNOWN, state=CONNECTING}, ServerDescription{address=mflix-shard-00-00.g7y6a.mongodb.net:27017, type=UNKNOWN, state=CONNECTING}]}. Waiting for 30000 ms before timing out
2021-05-06 14:00:46.435  INFO 47492 --- [ngodb.net:27017] org.mongodb.driver.connection            : Opened connection [connectionId{localValue:17, serverValue:151254}] to mflix-shard-00-02.g7y6a.mongodb.net:27017
2021-05-06 14:00:46.436  INFO 47492 --- [ngodb.net:27017] org.mongodb.driver.connection            : Opened connection [connectionId{localValue:19, serverValue:143474}] to mflix-shard-00-00.g7y6a.mongodb.net:27017
2021-05-06 14:00:46.456  INFO 47492 --- [ngodb.net:27017] org.mongodb.driver.connection            : Opened connection [connectionId{localValue:18, serverValue:142930}] to mflix-shard-00-01.g7y6a.mongodb.net:27017
2021-05-06 14:00:46.552  INFO 47492 --- [ngodb.net:27017] org.mongodb.driver.cluster               : Monitor thread successfully connected to server with description ServerDescription{address=mflix-shard-00-02.g7y6a.mongodb.net:27017, type=REPLICA_SET_PRIMARY, state=CONNECTED, ok=true, version=ServerVersion{versionList=[4, 4, 5]}, minWireVersion=0, maxWireVersion=9, maxDocumentSize=16777216, logicalSessionTimeoutMinutes=30, roundTripTimeNanos=115971200, setName='atlas-sbpqgj-shard-0', canonicalAddress=mflix-shard-00-02.g7y6a.mongodb.net:27017, hosts=[mflix-shard-00-00.g7y6a.mongodb.net:27017, mflix-shard-00-01.g7y6a.mongodb.net:27017, mflix-shard-00-02.g7y6a.mongodb.net:27017], passives=[], arbiters=[], primary='mflix-shard-00-02.g7y6a.mongodb.net:27017', tagSet=TagSet{[Tag{name='provider', value='AWS'}, Tag{name='workloadType', value='OPERATIONAL'}, Tag{name='region', value='US_EAST_1'}, Tag{name='nodeType', value='ELECTABLE'}]}, electionId=7fffffff0000000000000004, setVersion=1, lastWriteDate=Thu May 06 14:00:47 WET 2021, lastUpdateTimeNanos=1391914471891200}
2021-05-06 14:00:46.552  INFO 47492 --- [ngodb.net:27017] org.mongodb.driver.cluster               : Monitor thread successfully connected to server with description ServerDescription{address=mflix-shard-00-00.g7y6a.mongodb.net:27017, type=REPLICA_SET_SECONDARY, state=CONNECTED, ok=true, version=ServerVersion{versionList=[4, 4, 5]}, minWireVersion=0, maxWireVersion=9, maxDocumentSize=16777216, logicalSessionTimeoutMinutes=30, roundTripTimeNanos=115658000, setName='atlas-sbpqgj-shard-0', canonicalAddress=mflix-shard-00-00.g7y6a.mongodb.net:27017, hosts=[mflix-shard-00-00.g7y6a.mongodb.net:27017, mflix-shard-00-01.g7y6a.mongodb.net:27017, mflix-shard-00-02.g7y6a.mongodb.net:27017], passives=[], arbiters=[], primary='mflix-shard-00-02.g7y6a.mongodb.net:27017', tagSet=TagSet{[Tag{name='region', value='US_EAST_1'}, Tag{name='nodeType', value='ELECTABLE'}, Tag{name='provider', value='AWS'}, Tag{name='workloadType', value='OPERATIONAL'}]}, electionId=null, setVersion=1, lastWriteDate=Thu May 06 14:00:47 WET 2021, lastUpdateTimeNanos=1391914472064200}
2021-05-06 14:00:46.552  INFO 47492 --- [ngodb.net:27017] org.mongodb.driver.cluster               : Setting max election id to 7fffffff0000000000000004 from replica set primary mflix-shard-00-02.g7y6a.mongodb.net:27017
2021-05-06 14:00:46.552  INFO 47492 --- [ngodb.net:27017] org.mongodb.driver.cluster               : Setting max set version to 1 from replica set primary mflix-shard-00-02.g7y6a.mongodb.net:27017
2021-05-06 14:00:46.553  INFO 47492 --- [ngodb.net:27017] org.mongodb.driver.cluster               : Discovered replica set primary mflix-shard-00-02.g7y6a.mongodb.net:27017
2021-05-06 14:00:46.562  INFO 47492 --- [ngodb.net:27017] org.mongodb.driver.cluster               : Monitor thread successfully connected to server with description ServerDescription{address=mflix-shard-00-01.g7y6a.mongodb.net:27017, type=REPLICA_SET_SECONDARY, state=CONNECTED, ok=true, version=ServerVersion{versionList=[4, 4, 5]}, minWireVersion=0, maxWireVersion=9, maxDocumentSize=16777216, logicalSessionTimeoutMinutes=30, roundTripTimeNanos=105562200, setName='atlas-sbpqgj-shard-0', canonicalAddress=mflix-shard-00-01.g7y6a.mongodb.net:27017, hosts=[mflix-shard-00-00.g7y6a.mongodb.net:27017, mflix-shard-00-01.g7y6a.mongodb.net:27017, mflix-shard-00-02.g7y6a.mongodb.net:27017], passives=[], arbiters=[], primary='mflix-shard-00-02.g7y6a.mongodb.net:27017', tagSet=TagSet{[Tag{name='nodeType', value='ELECTABLE'}, Tag{name='workloadType', value='OPERATIONAL'}, Tag{name='region', value='US_EAST_1'}, Tag{name='provider', value='AWS'}]}, electionId=null, setVersion=1, lastWriteDate=Thu May 06 14:00:47 WET 2021, lastUpdateTimeNanos=1391914482358800}
2021-05-06 14:00:47.450  INFO 47492 --- [           main] org.mongodb.driver.connection            : Opened connection [connectionId{localValue:20, serverValue:151244}] to mflix-shard-00-02.g7y6a.mongodb.net:27017
]]></system-out>
  </testcase>
</testsuite>